<?xml version="1.0" encoding="UTF-8"?>
<testsuite xmlns:xsi="http://www.w3.org/2001/XMLSchema-instance" xsi:noNamespaceSchemaLocation="https://maven.apache.org/surefire/maven-surefire-plugin/xsd/surefire-test-report-3.0.xsd" version="3.0" name="com.company.observability.ObservabilityIntegrationTest" time="1.86" tests="6" errors="0" skipped="0" failures="0">
  <properties>
[...]
</properties>
  <testcase name="coreBeansAreRegistered" classname="com.company.observability.ObservabilityIntegrationTest" time="0.396">
    <system-out><![CDATA[
  .   ____          _            __ _ _
 /\\ / ___'_ __ _ _(_)_ __  __ _ \ \ \ \
( ( )\___ | '_ | '_| | '_ \/ _` | \ \ \ \
 \\/  ___)| |_)| | | | | || (_| |  ) ) ) )
  '  |____| .__|_| |_|_| |_\__, | / / / /
 =========|_|==============|___/=/_/_/_/

 :: Spring Boot ::                (v3.3.1)

{"message":"Starting ObservabilityIntegrationTest using Java 21.0.9 with PID 12325 (started by arun in /Users/arun/development/workspace/github.com/arun0009/observability-starter)","level":"INFO","logger":"com.company.observability.ObservabilityIntegrationTest","thread":"main","time":"2026-02-10T09:31:49.013Z"}
{"message":"No active profile set, falling back to 1 default profile: \"default\"","level":"INFO","logger":"com.company.observability.ObservabilityIntegrationTest","thread":"main","time":"2026-02-10T09:31:49.015Z"}
{"message":"Tomcat initialized with port 0 (http)","level":"INFO","logger":"org.springframework.boot.web.embedded.tomcat.TomcatWebServer","thread":"main","time":"2026-02-10T09:31:49.484Z"}
{"message":"Initializing ProtocolHandler [\"http-nio-auto-1\"]","level":"INFO","logger":"org.apache.coyote.http11.Http11NioProtocol","thread":"main","time":"2026-02-10T09:31:49.488Z"}
{"message":"Starting service [Tomcat]","level":"INFO","logger":"org.apache.catalina.core.StandardService","thread":"main","time":"2026-02-10T09:31:49.489Z"}
{"message":"Starting Servlet engine: [Apache Tomcat/10.1.25]","level":"INFO","logger":"org.apache.catalina.core.StandardEngine","thread":"main","time":"2026-02-10T09:31:49.489Z"}
{"message":"Initializing Spring embedded WebApplicationContext","level":"INFO","logger":"org.apache.catalina.core.ContainerBase.[Tomcat].[localhost].[/]","thread":"main","time":"2026-02-10T09:31:49.505Z"}
{"message":"Root WebApplicationContext: initialization completed in 483 ms","level":"INFO","logger":"org.springframework.boot.web.servlet.context.ServletWebServerApplicationContext","thread":"main","time":"2026-02-10T09:31:49.505Z"}
{"message":"Exposing 1 endpoint beneath base path '/actuator'","level":"INFO","logger":"org.springframework.boot.actuate.endpoint.web.EndpointLinksResolver","thread":"main","time":"2026-02-10T09:31:49.875Z"}
{"message":"Starting ProtocolHandler [\"http-nio-auto-1\"]","level":"INFO","logger":"org.apache.coyote.http11.Http11NioProtocol","thread":"main","time":"2026-02-10T09:31:49.990Z"}
{"message":"Tomcat started on port 65122 (http) with context path '/'","level":"INFO","logger":"org.springframework.boot.web.embedded.tomcat.TomcatWebServer","thread":"main","time":"2026-02-10T09:31:50.002Z"}
{"message":"Started ObservabilityIntegrationTest in 1.119 seconds (process running for 1.558)","level":"INFO","logger":"com.company.observability.ObservabilityIntegrationTest","thread":"main","time":"2026-02-10T09:31:50.012Z"}
]]></system-out>
    <system-err><![CDATA[WARNING: A Java agent has been loaded dynamically (/Users/arun/.m2/repository/net/bytebuddy/byte-buddy-agent/1.14.17/byte-buddy-agent-1.14.17.jar)
WARNING: If a serviceability tool is in use, please run with -XX:+EnableDynamicAgentLoading to hide this warning
WARNING: If a serviceability tool is not in use, please run with -Djdk.instrument.traceUsage for more information
WARNING: Dynamic loading of agents will be disallowed by default in a future release
]]></system-err>
  </testcase>
  <testcase name="advancedBeansAreRegistered" classname="com.company.observability.ObservabilityIntegrationTest" time="0.001"/>
  <testcase name="businessMetricsFacadeWorks" classname="com.company.observability.ObservabilityIntegrationTest" time="0.002"/>
  <testcase name="sloGaugesAreRegistered" classname="com.company.observability.ObservabilityIntegrationTest" time="0.07">
    <system-out><![CDATA[{"message":"Initializing Spring DispatcherServlet 'dispatcherServlet'","level":"INFO","logger":"org.apache.catalina.core.ContainerBase.[Tomcat].[localhost].[/]","thread":"http-nio-auto-1-exec-1","time":"2026-02-10T09:31:50.465Z"}
{"message":"Initializing Servlet 'dispatcherServlet'","level":"INFO","logger":"org.springframework.web.servlet.DispatcherServlet","thread":"http-nio-auto-1-exec-1","time":"2026-02-10T09:31:50.466Z"}
{"message":"Completed initialization in 0 ms","level":"INFO","logger":"org.springframework.web.servlet.DispatcherServlet","thread":"http-nio-auto-1-exec-1","time":"2026-02-10T09:31:50.466Z"}
{"mdc":{"traceId":"2fafa0ceba1d806040d7487994eaf3c5","spanId":"9d15e1bab6c2a1af"},"message":"Missing trace headers for request: /hello","level":"WARN","logger":"com.company.observability.core.TraceGuardFilter","thread":"http-nio-auto-1-exec-1","time":"2026-02-10T09:31:50.470Z","context":{"env":"unknown-env","requestId":"fdef95f6-155f-486a-b967-c1af63591349","service":"unknown-service","spanId":"9d15e1bab6c2a1af","traceId":"2fafa0ceba1d806040d7487994eaf3c5"}}
{"mdc":{"traceId":"2fafa0ceba1d806040d7487994eaf3c5","spanId":"9d15e1bab6c2a1af"},"message":"Hello endpoint called","level":"INFO","logger":"com.company.observability.testapp.TestApplication","thread":"http-nio-auto-1-exec-1","time":"2026-02-10T09:31:50.477Z","context":{"env":"unknown-env","requestId":"fdef95f6-155f-486a-b967-c1af63591349","service":"unknown-service","spanId":"9d15e1bab6c2a1af","traceId":"2fafa0ceba1d806040d7487994eaf3c5"}}
]]></system-out>
  </testcase>
  <testcase name="httpRequestGeneratesMetrics" classname="com.company.observability.ObservabilityIntegrationTest" time="0.004">
    <system-out><![CDATA[{"mdc":{"traceId":"764551665d6c3141dc65a7a288f46a51","spanId":"4f20781aec18c90f"},"message":"Missing trace headers for request: /hello","level":"WARN","logger":"com.company.observability.core.TraceGuardFilter","thread":"http-nio-auto-1-exec-2","time":"2026-02-10T09:31:50.490Z","context":{"env":"unknown-env","requestId":"cbaeab4d-231e-41c4-aff9-2da525e5ad2e","service":"unknown-service","spanId":"4f20781aec18c90f","traceId":"764551665d6c3141dc65a7a288f46a51"}}
{"mdc":{"traceId":"764551665d6c3141dc65a7a288f46a51","spanId":"4f20781aec18c90f"},"message":"Hello endpoint called","level":"INFO","logger":"com.company.observability.testapp.TestApplication","thread":"http-nio-auto-1-exec-2","time":"2026-02-10T09:31:50.490Z","context":{"env":"unknown-env","requestId":"cbaeab4d-231e-41c4-aff9-2da525e5ad2e","service":"unknown-service","spanId":"4f20781aec18c90f","traceId":"764551665d6c3141dc65a7a288f46a51"}}
]]></system-out>
  </testcase>
  <testcase name="auditLoggerIsAvailable" classname="com.company.observability.ObservabilityIntegrationTest" time="0.001">
    <system-out><![CDATA[{"message":"AUDIT event=TEST_ACTION actor=test-user resource=/test outcome=SUCCESS","level":"INFO","logger":"AUDIT","thread":"main","time":"2026-02-10T09:31:50.493Z","context":{"audit.action":"TEST_ACTION","audit.actor":"test-user","audit.outcome":"SUCCESS","audit.resource":"/test"}}
]]></system-out>
  </testcase>
</testsuite>